<?xml version="1.0" encoding="UTF-8"?>
<testng-results skipped="0" failed="0" ignored="0" total="5" passed="5">
  <reporter-output>
  </reporter-output>
  <suite name="Default suite" duration-ms="5789" started-at="2019-07-23T11:55:55Z" finished-at="2019-07-23T11:56:01Z">
    <groups>
    </groups>
    <test name="Default test" duration-ms="5789" started-at="2019-07-23T11:55:55Z" finished-at="2019-07-23T11:56:01Z">
      <class name="com.qait.testScripts.TestEmployee">
        <test-method status="PASS" signature="verifyDataOfSingleEmployeeIsComing()[pri:0, instance:com.qait.testScripts.TestEmployee@5c3bd550]" name="verifyDataOfSingleEmployeeIsComing" duration-ms="1977" started-at="2019-07-23T11:55:55Z" finished-at="2019-07-23T11:55:57Z">
          <reporter-output>
          </reporter-output>
        </test-method> <!-- verifyDataOfSingleEmployeeIsComing -->
        <test-method status="PASS" signature="verifyEmployeeDataIsDeletingForGivenId()[pri:0, instance:com.qait.testScripts.TestEmployee@5c3bd550]" name="verifyEmployeeDataIsDeletingForGivenId" duration-ms="1213" started-at="2019-07-23T11:55:57Z" finished-at="2019-07-23T11:55:58Z">
          <reporter-output>
          </reporter-output>
        </test-method> <!-- verifyEmployeeDataIsDeletingForGivenId -->
        <test-method status="PASS" signature="verifyEmployeeDataIsUpdatingForGivenId()[pri:0, instance:com.qait.testScripts.TestEmployee@5c3bd550]" name="verifyEmployeeDataIsUpdatingForGivenId" duration-ms="921" started-at="2019-07-23T11:55:58Z" finished-at="2019-07-23T11:55:59Z">
          <reporter-output>
          </reporter-output>
        </test-method> <!-- verifyEmployeeDataIsUpdatingForGivenId -->
        <test-method status="PASS" signature="verifyListOfDataIsComing()[pri:0, instance:com.qait.testScripts.TestEmployee@5c3bd550]" name="verifyListOfDataIsComing" duration-ms="725" started-at="2019-07-23T11:55:59Z" finished-at="2019-07-23T11:56:00Z">
          <reporter-output>
          </reporter-output>
        </test-method> <!-- verifyListOfDataIsComing -->
        <test-method status="PASS" signature="verifyNewEmployeeIsCreating()[pri:0, instance:com.qait.testScripts.TestEmployee@5c3bd550]" name="verifyNewEmployeeIsCreating" duration-ms="909" started-at="2019-07-23T11:56:00Z" finished-at="2019-07-23T11:56:01Z">
          <reporter-output>
          </reporter-output>
        </test-method> <!-- verifyNewEmployeeIsCreating -->
      </class> <!-- com.qait.testScripts.TestEmployee -->
    </test> <!-- Default test -->
  </suite> <!-- Default suite -->
</testng-results>
